[2024-07-29 13:05:50.393] [MCULogger] [info] [DiagnosticSessionControl.cpp:9] Diagnostic Session Control (0x10) started. Current session: DEFAULT_SESSION
[2024-07-29 13:05:50.393] [MCULogger] [info] [WriteDataByIdentifier.cpp:18] Write Data By Identifier Service invoked.
[2024-07-29 13:05:50.393] [MCULogger] [info] [WriteDataByIdentifier.cpp:115] Data written to new DID 0x1e0 in MCUModule.
[2024-07-29 13:05:50.393] [MCULogger] [info] [WriteDataByIdentifier.cpp:69] MCUModule contents:
DID 0x01e0: 00 

[2024-07-29 13:09:15.766] [MCULogger] [info] [DiagnosticSessionControl.cpp:23] Diagnostic Session Control object out of scope
[2024-07-29 14:49:40.793] [MCULogger] [info] [DiagnosticSessionControl.cpp:9] Diagnostic Session Control (0x10) started. Current session: DEFAULT_SESSION
[2024-07-29 14:49:40.794] [MCULogger] [info] [WriteDataByIdentifier.cpp:18] Write Data By Identifier Service invoked.
[2024-07-29 14:49:40.794] [MCULogger] [info] [WriteDataByIdentifier.cpp:115] Data written to new DID 0x1e0 in MCUModule.
[2024-07-29 14:49:40.796] [MCULogger] [info] [WriteDataByIdentifier.cpp:69] MCUModule contents:
DID 0x01e0: 00 

[2024-07-29 16:17:29.031] [MCULogger] [info] [DiagnosticSessionControl.cpp:9] Diagnostic Session Control (0x10) started. Current session: DEFAULT_SESSION
[2024-07-29 16:17:29.032] [MCULogger] [info] [WriteDataByIdentifier.cpp:18] Write Data By Identifier Service invoked.
[2024-07-29 16:17:29.032] [MCULogger] [info] [WriteDataByIdentifier.cpp:115] Data written to new DID 0x1e0 in MCUModule.
[2024-07-29 16:17:29.032] [MCULogger] [info] [WriteDataByIdentifier.cpp:69] MCUModule contents:
DID 0x01e0: 00 

[2024-07-29 16:29:30.542] [MCULogger] [info] [DiagnosticSessionControl.cpp:9] Diagnostic Session Control (0x10) started. Current session: DEFAULT_SESSION
[2024-07-29 16:29:30.545] [MCULogger] [info] [WriteDataByIdentifier.cpp:18] Write Data By Identifier Service invoked.
[2024-07-29 16:29:30.545] [MCULogger] [info] [WriteDataByIdentifier.cpp:115] Data written to new DID 0x1e0 in MCUModule.
[2024-07-29 16:29:30.545] [MCULogger] [info] [WriteDataByIdentifier.cpp:69] MCUModule contents:
DID 0x01e0: 00 

