2024-07-02 14:26:38,801 - INFO - Sending request frame for ECU IDs
2024-07-02 14:31:42,398 - INFO - Sending request frame for ECU IDs
2024-07-02 14:35:53,626 - INFO - Function "send_frame" called with arguments: 34, [1]
2024-07-02 14:35:56,452 - INFO - Sending request frame for ECU IDs
2024-07-02 14:35:59,964 - INFO - Sending request frame for ECU IDs
2024-07-02 14:36:10,004 - INFO - Sending request frame for ECU IDs
2024-07-02 14:38:24,891 - INFO - Changing session to default
2024-07-02 14:38:24,891 - INFO - Function "session_control" called with arguments: 8978, 1
2024-07-02 14:38:24,891 - INFO - Function "send_frame" called with arguments: 8978, [2, 16, 1]
2024-07-02 14:38:24,892 - INFO - Collecting the response
2024-07-02 14:38:27,896 - ERROR - Error changing session control
2024-07-02 14:38:27,896 - INFO - Authenticating
2024-07-02 14:38:27,896 - INFO - Function "authentication_seed" called with arguments: 8978
2024-07-02 14:38:27,896 - INFO - Function "send_frame" called with arguments: 8978, [2, 41, 1]
2024-07-02 14:38:27,897 - INFO - Collecting the response
2024-07-02 14:38:30,901 - ERROR - Error requesting seed
2024-07-02 14:38:30,901 - INFO - Function "authentication_key" called with arguments: 8978, [0, 1, 2, 3, 4]
2024-07-02 14:38:30,901 - INFO - Function "send_frame" called with arguments: 8978, [7, 41, 2, 0, 1, 2, 3, 4]
2024-07-02 14:38:30,902 - INFO - Collecting the response
2024-07-02 14:38:33,907 - ERROR - Error sending key
2024-07-02 14:38:33,908 - INFO - Reading data from battery
2024-07-02 14:38:33,908 - INFO - Read from identifier {identifier}
2024-07-02 14:38:33,908 - INFO - Function "read_data_by_identifier" called with arguments: 8978, 4660
2024-07-02 14:38:33,908 - INFO - Function "send_frame" called with arguments: 8978, [3, 34, 18, 52]
2024-07-02 14:38:33,909 - INFO - Collecting the response
2024-07-02 14:38:36,915 - ERROR - Error reading data from identifier 4660
2024-07-02 14:38:36,916 - INFO - Read from identifier {identifier}
2024-07-02 14:38:36,916 - INFO - Function "read_data_by_identifier" called with arguments: 8978, 1334
2024-07-02 14:38:36,917 - INFO - Function "send_frame" called with arguments: 8978, [3, 34, 5, 54]
2024-07-02 14:38:36,917 - INFO - Collecting the response
2024-07-02 14:38:39,925 - ERROR - Error reading data from identifier 1334
2024-07-02 14:38:39,926 - INFO - Read from identifier {identifier}
2024-07-02 14:38:39,926 - INFO - Function "read_data_by_identifier" called with arguments: 8978, 7459
2024-07-02 14:38:39,926 - INFO - Function "send_frame" called with arguments: 8978, [3, 34, 29, 35]
2024-07-02 14:38:39,927 - INFO - Collecting the response
2024-07-02 14:38:42,931 - ERROR - Error reading data from identifier 7459
2024-07-02 14:38:42,932 - INFO - Read from identifier {identifier}
2024-07-02 14:38:42,932 - INFO - Function "read_data_by_identifier" called with arguments: 8978, 6826
2024-07-02 14:38:42,932 - INFO - Function "send_frame" called with arguments: 8978, [3, 34, 26, 170]
2024-07-02 14:38:42,933 - INFO - Collecting the response
2024-07-02 14:38:45,935 - ERROR - Error reading data from identifier 6826
2024-07-02 14:38:45,935 - INFO - Read from identifier {identifier}
2024-07-02 14:38:45,935 - INFO - Function "read_data_by_identifier" called with arguments: 8978, 62258
2024-07-02 14:38:45,936 - INFO - Function "send_frame" called with arguments: 8978, [3, 34, 243, 50]
2024-07-02 14:38:45,936 - INFO - Collecting the response
2024-07-02 14:38:48,952 - ERROR - Error reading data from identifier 62258
2024-07-02 14:38:48,953 - INFO - Read from identifier {identifier}
2024-07-02 14:38:48,953 - INFO - Function "read_data_by_identifier" called with arguments: 8978, 46426
2024-07-02 14:38:48,953 - INFO - Function "send_frame" called with arguments: 8978, [3, 34, 181, 90]
2024-07-02 14:38:48,953 - INFO - Collecting the response
2024-07-02 14:38:51,956 - ERROR - Error reading data from identifier 46426
2024-07-02 14:38:51,957 - INFO - Sending JSON
2024-07-02 14:43:55,320 - INFO - Sending request frame for ECU IDs
2024-07-02 14:44:07,815 - INFO - Sending request frame for ECU IDs
2024-07-02 14:58:23,055 - INFO - Sending request frame for ECU IDs
2024-07-02 15:07:37,502 - INFO - Sending request frame for ECU IDs
2024-07-02 15:08:13,019 - INFO - Sending request frame for ECU IDs
2024-07-02 15:08:13,019 - INFO - Function "send_frame" called with arguments: 250, [2, 153]
2024-07-02 15:09:23,475 - INFO - Sending request frame for ECU IDs
2024-07-02 15:09:23,475 - INFO - Function "send_frame" called with arguments: 250, [2, 153]
2024-07-02 15:09:58,621 - INFO - Sending request frame for ECU IDs
2024-07-02 15:09:58,621 - INFO - Function "send_frame" called with arguments: 250, [2, 153]
2024-07-02 15:09:58,626 - INFO - Request frame sent
2024-07-02 15:09:58,626 - INFO - Waiting for response on service: request_ids
2024-07-02 15:10:02,610 - INFO - Sending request frame for ECU IDs
2024-07-02 15:10:02,610 - INFO - Function "send_frame" called with arguments: 250, [2, 153]
2024-07-02 15:10:02,628 - INFO - Request frame sent
2024-07-02 15:10:02,628 - INFO - Waiting for response on service: request_ids
2024-07-02 15:10:02,747 - INFO - Sending request frame for ECU IDs
2024-07-02 15:10:02,747 - INFO - Function "send_frame" called with arguments: 250, [2, 153]
2024-07-02 15:10:02,753 - INFO - Request frame sent
2024-07-02 15:10:02,753 - INFO - Waiting for response on service: request_ids
2024-07-02 15:10:06,622 - INFO - Sending request frame for ECU IDs
2024-07-02 15:10:06,622 - INFO - Function "send_frame" called with arguments: 250, [2, 153]
2024-07-02 15:10:06,636 - INFO - Request frame sent
2024-07-02 15:10:06,637 - INFO - Waiting for response on service: request_ids
2024-07-02 15:10:06,789 - INFO - Sending request frame for ECU IDs
2024-07-02 15:10:06,789 - INFO - Function "send_frame" called with arguments: 250, [2, 153]
2024-07-02 15:10:06,799 - INFO - Request frame sent
2024-07-02 15:10:06,799 - INFO - Waiting for response on service: request_ids
2024-07-02 15:10:06,952 - INFO - Sending request frame for ECU IDs
2024-07-02 15:10:06,952 - INFO - Function "send_frame" called with arguments: 250, [2, 153]
2024-07-02 15:10:06,960 - INFO - Request frame sent
2024-07-02 15:10:06,960 - INFO - Waiting for response on service: request_ids
2024-07-02 15:10:07,121 - INFO - Sending request frame for ECU IDs
2024-07-02 15:10:07,121 - INFO - Function "send_frame" called with arguments: 250, [2, 153]
2024-07-02 15:10:07,129 - INFO - Request frame sent
2024-07-02 15:10:07,129 - INFO - Waiting for response on service: request_ids
2024-07-02 15:10:08,713 - INFO - Sending request frame for ECU IDs
2024-07-02 15:10:08,713 - INFO - Function "send_frame" called with arguments: 250, [2, 153]
2024-07-02 15:10:08,722 - INFO - Request frame sent
2024-07-02 15:10:08,723 - INFO - Waiting for response on service: request_ids
2024-07-02 15:10:08,865 - INFO - Sending request frame for ECU IDs
2024-07-02 15:10:08,865 - INFO - Function "send_frame" called with arguments: 250, [2, 153]
2024-07-02 15:10:08,873 - INFO - Request frame sent
2024-07-02 15:10:08,873 - INFO - Waiting for response on service: request_ids
2024-07-02 15:10:09,025 - INFO - Sending request frame for ECU IDs
2024-07-02 15:10:09,025 - INFO - Function "send_frame" called with arguments: 250, [2, 153]
2024-07-02 15:10:09,032 - INFO - Request frame sent
2024-07-02 15:10:09,032 - INFO - Waiting for response on service: request_ids
2024-07-02 15:10:09,155 - INFO - Sending request frame for ECU IDs
2024-07-02 15:10:09,155 - INFO - Function "send_frame" called with arguments: 250, [2, 153]
2024-07-02 15:10:09,161 - INFO - Request frame sent
2024-07-02 15:10:09,161 - INFO - Waiting for response on service: request_ids
2024-07-02 15:10:09,310 - INFO - Sending request frame for ECU IDs
2024-07-02 15:10:09,311 - INFO - Function "send_frame" called with arguments: 250, [2, 153]
2024-07-02 15:10:09,318 - INFO - Request frame sent
2024-07-02 15:10:09,319 - INFO - Waiting for response on service: request_ids
2024-07-02 15:10:09,461 - INFO - Sending request frame for ECU IDs
2024-07-02 15:10:09,461 - INFO - Function "send_frame" called with arguments: 250, [2, 153]
2024-07-02 15:10:09,469 - INFO - Request frame sent
2024-07-02 15:10:09,469 - INFO - Waiting for response on service: request_ids
2024-07-02 15:10:09,634 - INFO - Sending request frame for ECU IDs
2024-07-02 15:10:09,634 - INFO - Function "send_frame" called with arguments: 250, [2, 153]
2024-07-02 15:10:09,642 - INFO - Request frame sent
2024-07-02 15:10:09,642 - INFO - Waiting for response on service: request_ids
2024-07-02 15:10:09,763 - INFO - Sending request frame for ECU IDs
2024-07-02 15:10:09,763 - INFO - Function "send_frame" called with arguments: 250, [2, 153]
2024-07-02 15:10:09,771 - INFO - Request frame sent
2024-07-02 15:10:09,772 - INFO - Waiting for response on service: request_ids
